<?xml version="1.0" encoding="UTF-8"?>
<testng-results ignored="0" total="1" passed="1" failed="0" skipped="0">
  <reporter-output>
  </reporter-output>
  <suite started-at="2025-06-06T14:05:15 ICT" name="AutomationSuite" finished-at="2025-06-06T14:05:32 ICT" duration-ms="17684">
    <groups>
    </groups>
    <test started-at="2025-06-06T14:05:15 ICT" name="WebTests" finished-at="2025-06-06T14:05:32 ICT" duration-ms="17684">
      <class name="tests.TestCFLearnE2E">
        <test-method is-config="true" signature="setup()[pri:0, instance:tests.TestCFLearnE2E@7dcf94f8]" started-at="2025-06-06T14:05:15 ICT" name="setup" finished-at="2025-06-06T14:05:16 ICT" duration-ms="1171" status="PASS">
          <reporter-output>
          </reporter-output>
        </test-method> <!-- setup -->
        <test-method signature="testLogin()[pri:0, instance:tests.TestCFLearnE2E@7dcf94f8]" started-at="2025-06-06T14:05:16 ICT" name="testLogin" finished-at="2025-06-06T14:05:32 ICT" duration-ms="16254" status="PASS">
          <reporter-output>
          </reporter-output>
        </test-method> <!-- testLogin -->
        <test-method is-config="true" signature="tearDown()[pri:0, instance:tests.TestCFLearnE2E@7dcf94f8]" started-at="2025-06-06T14:05:32 ICT" name="tearDown" finished-at="2025-06-06T14:05:32 ICT" duration-ms="239" status="PASS">
          <reporter-output>
          </reporter-output>
        </test-method> <!-- tearDown -->
      </class> <!-- tests.TestCFLearnE2E -->
    </test> <!-- WebTests -->
  </suite> <!-- AutomationSuite -->
</testng-results>
